<?xml version="1.0" encoding="UTF-8"?>
<!-- Generated by org.testng.reporters.JUnitReportReporter -->
<testsuite hostname="PQA-0598LT" failures="0" tests="2" name="com.nikhila.eCommerce_tc_1" time="41.748" errors="0" timestamp="2024-01-05T12:03:37 CST" skipped="0">
  <testcase classname="com.nikhila.eCommerce_tc_1" name="fillForm_ErrorValidation" time="15.614"/>
  <testcase classname="com.nikhila.eCommerce_tc_1" name="fillForm_PositiveFlow" time="26.134"/>
</testsuite> <!-- com.nikhila.eCommerce_tc_1 -->
