<?xml version="1.0" encoding="UTF-8"?>
<!-- Generated by org.testng.reporters.JUnitReportReporter -->
<testsuite hostname="PQA-0598LT" failures="0" tests="2" name="com.nikhila.eCommerce_tc_4_hybrid" time="52.662" errors="0" timestamp="2024-01-05T12:02:15 CST" skipped="0">
  <testcase classname="com.nikhila.eCommerce_tc_4_hybrid" name="fillForm" time="26.702"/>
  <testcase classname="com.nikhila.eCommerce_tc_4_hybrid" name="fillForm" time="25.960"/>
</testsuite> <!-- com.nikhila.eCommerce_tc_4_hybrid -->
